12:40:55.151 [main] DEBUG io.netty.buffer.PooledByteBufAllocator - -Dio.netty.allocator.cacheTrimIntervalMillis: 0
12:40:55.166 [main] DEBUG io.netty.buffer.PooledByteBufAllocator - -Dio.netty.allocator.useCacheForAllThreads: false
12:40:55.166 [main] DEBUG io.netty.buffer.PooledByteBufAllocator - -Dio.netty.allocator.maxCachedByteBuffersPerChunk: 1023
12:40:55.175 [main] DEBUG io.netty.buffer.ByteBufUtil - -Dio.netty.allocator.type: pooled
12:40:55.175 [main] DEBUG io.netty.buffer.ByteBufUtil - -Dio.netty.threadLocalDirectBufferSize: 0
12:40:55.176 [main] DEBUG io.netty.buffer.ByteBufUtil - -Dio.netty.maxThreadLocalCharBufferSize: 16384
12:40:56.179 [Forwarding newSession on session null to remote] DEBUG io.netty.channel.DefaultChannelId - -Dio.netty.processId: 18072 (auto-detected)
12:40:56.181 [Forwarding newSession on session null to remote] DEBUG io.netty.util.NetUtil - -Djava.net.preferIPv4Stack: false
12:40:56.181 [Forwarding newSession on session null to remote] DEBUG io.netty.util.NetUtil - -Djava.net.preferIPv6Addresses: false
12:40:56.279 [Forwarding newSession on session null to remote] DEBUG io.netty.util.NetUtilInitializations - Loopback interface: lo (Software Loopback Interface 1, 127.0.0.1)
12:40:56.280 [Forwarding newSession on session null to remote] DEBUG io.netty.util.NetUtil - Failed to get SOMAXCONN from sysctl and file \proc\sys\net\core\somaxconn. Default: 200
12:40:56.286 [Forwarding newSession on session null to remote] DEBUG io.netty.channel.DefaultChannelId - -Dio.netty.machineId: 40:1c:83:ff:fe:87:51:b3 (auto-detected)
12:40:56.328 [AsyncHttpClient-1-2] DEBUG io.netty.buffer.AbstractByteBuf - -Dio.netty.buffer.checkAccessible: true
12:40:56.328 [AsyncHttpClient-1-2] DEBUG io.netty.buffer.AbstractByteBuf - -Dio.netty.buffer.checkBounds: true
12:40:56.328 [AsyncHttpClient-1-2] DEBUG io.netty.util.ResourceLeakDetectorFactory - Loaded default ResourceLeakDetector: io.netty.util.ResourceLeakDetector@274c443a
12:40:56.348 [AsyncHttpClient-1-2] DEBUG io.netty.util.Recycler - -Dio.netty.recycler.maxCapacityPerThread: 4096
12:40:56.348 [AsyncHttpClient-1-2] DEBUG io.netty.util.Recycler - -Dio.netty.recycler.ratio: 8
12:40:56.348 [AsyncHttpClient-1-2] DEBUG io.netty.util.Recycler - -Dio.netty.recycler.chunkSize: 32
12:40:56.348 [AsyncHttpClient-1-2] DEBUG io.netty.util.Recycler - -Dio.netty.recycler.blocking: false
12:40:56.956 [AsyncHttpClient-1-2] DEBUG io.netty.handler.codec.compression.Brotli - brotli4j not in the classpath; Brotli support will be unavailable.
12:40:57.164 [main] DEBUG io.netty.util.internal.ThreadLocalRandom - -Dio.netty.initialSeedUniquifier: 0x3f16f566a430f180
12:41:02.708 [main] INFO  testCases.TC_002_Login - ******Starting TC_002_Login ******
12:41:09.928 [main] INFO  testCases.TC_002_Login - Finished TC_002_Login
12:43:33.581 [main] INFO  testCases.TC_002_Login - ******Starting TC_002_Login ******
12:44:27.389 [main] INFO  testCases.TC_002_Login - ******Starting TC_002_Login ******
12:47:08.949 [main] INFO  testCases.Tc_001_RegisterAccount - ***Starting Tc_001_RegisterAccount***
12:47:09.021 [main] INFO  testCases.Tc_001_RegisterAccount - clicked on my account
12:47:09.309 [main] INFO  testCases.Tc_001_RegisterAccount - clicked on Register
12:47:12.253 [main] INFO  testCases.Tc_001_RegisterAccount - validating expected mssg
12:47:12.257 [main] INFO  testCases.Tc_001_RegisterAccount - ***Finished Tc_001_RegisterAccount***
12:47:51.889 [main] INFO  testCases.TC_002_Login - ******Starting TC_002_Login ******
12:50:17.291 [main] INFO  testCases.TC_002_Login - ******Starting TC_002_Login ******
12:50:18.078 [main] INFO  testCases.TC_002_Login - Finished TC_002_Login
12:08:16.349 [main] INFO  testCases.TC_003_loginDDT - **** Starting TC_003_loginDDT ****
12:08:17.649 [main] INFO  testCases.TC_003_loginDDT - **** Starting TC_003_loginDDT ****
12:08:28.345 [main] INFO  testCases.TC_003_loginDDT - **** Starting TC_003_loginDDT ****
12:08:39.226 [main] INFO  testCases.TC_003_loginDDT - **** Starting TC_003_loginDDT ****
12:08:50.187 [main] INFO  testCases.TC_003_loginDDT - **** Starting TC_003_loginDDT ****
21:04:58.522 [main] INFO  testCases.Tc_001_RegisterAccount - ***Starting Tc_001_RegisterAccount***
21:04:58.607 [main] INFO  testCases.Tc_001_RegisterAccount - clicked on my account
21:04:59.197 [main] INFO  testCases.Tc_001_RegisterAccount - clicked on Register
21:05:02.358 [main] INFO  testCases.Tc_001_RegisterAccount - validating expected mssg
21:05:02.359 [main] INFO  testCases.Tc_001_RegisterAccount - ***Finished Tc_001_RegisterAccount***
21:05:06.455 [main] INFO  testCases.TC_002_Login - ******Starting TC_002_Login ******
21:05:07.661 [main] INFO  testCases.TC_002_Login - Finished TC_002_Login
21:07:01.329 [main] INFO  testCases.TC_002_Login - ******Starting TC_002_Login ******
21:29:54.079 [main] INFO  testCases.Tc_001_RegisterAccount - ***Starting Tc_001_RegisterAccount***
21:30:11.703 [main] INFO  testCases.TC_002_Login - ******Starting TC_002_Login ******
21:30:12.504 [main] INFO  testCases.TC_002_Login - Finished TC_002_Login
21:30:29.513 [main] INFO  testCases.Tc_001_RegisterAccount - ***Starting Tc_001_RegisterAccount***
21:30:29.616 [main] INFO  testCases.Tc_001_RegisterAccount - clicked on my account
21:30:29.924 [main] INFO  testCases.Tc_001_RegisterAccount - clicked on Register
21:30:32.854 [main] INFO  testCases.Tc_001_RegisterAccount - validating expected mssg
21:30:32.856 [main] INFO  testCases.Tc_001_RegisterAccount - ***Finished Tc_001_RegisterAccount***
21:30:35.426 [main] INFO  testCases.TC_002_Login - ******Starting TC_002_Login ******
21:30:36.291 [main] INFO  testCases.TC_002_Login - Finished TC_002_Login
21:33:51.170 [main] INFO  testCases.Tc_001_RegisterAccount - ***Starting Tc_001_RegisterAccount***
21:33:51.260 [main] INFO  testCases.Tc_001_RegisterAccount - clicked on my account
21:33:51.576 [main] INFO  testCases.Tc_001_RegisterAccount - clicked on Register
21:33:54.492 [main] INFO  testCases.Tc_001_RegisterAccount - validating expected mssg
21:33:57.703 [main] INFO  testCases.TC_002_Login - ******Starting TC_002_Login ******
21:33:58.467 [main] INFO  testCases.TC_002_Login - Finished TC_002_Login
21:35:01.582 [main] INFO  testCases.Tc_001_RegisterAccount - ***Starting Tc_001_RegisterAccount***
21:35:01.656 [main] INFO  testCases.Tc_001_RegisterAccount - clicked on my account
21:35:01.975 [main] INFO  testCases.Tc_001_RegisterAccount - clicked on Register
21:35:04.921 [main] INFO  testCases.Tc_001_RegisterAccount - validating expected mssg
21:35:04.922 [main] INFO  testCases.Tc_001_RegisterAccount - ***Finished Tc_001_RegisterAccount***
15:32:12.843 [main] INFO  testCases.Tc_001_RegisterAccount - ***Starting Tc_001_RegisterAccount***
15:32:12.944 [main] INFO  testCases.Tc_001_RegisterAccount - clicked on my account
15:32:13.542 [main] INFO  testCases.Tc_001_RegisterAccount - clicked on Register
15:32:16.815 [main] INFO  testCases.Tc_001_RegisterAccount - validating expected mssg
15:32:16.817 [main] INFO  testCases.Tc_001_RegisterAccount - ***Finished Tc_001_RegisterAccount***
15:32:21.149 [main] INFO  testCases.TC_002_Login - ******Starting TC_002_Login ******
15:32:22.450 [main] INFO  testCases.TC_002_Login - Finished TC_002_Login
16:03:41.510 [main] INFO  testCases.Tc_001_RegisterAccount - ***Starting Tc_001_RegisterAccount***
16:03:41.588 [main] INFO  testCases.Tc_001_RegisterAccount - clicked on my account
16:03:42.010 [main] INFO  testCases.Tc_001_RegisterAccount - clicked on Register
16:03:44.928 [main] INFO  testCases.Tc_001_RegisterAccount - validating expected mssg
16:03:44.929 [main] INFO  testCases.Tc_001_RegisterAccount - ***Finished Tc_001_RegisterAccount***
16:03:48.722 [main] INFO  testCases.TC_002_Login - ******Starting TC_002_Login ******
16:03:49.721 [main] INFO  testCases.TC_002_Login - Finished TC_002_Login
16:15:50.854 [main] INFO  testCases.Tc_001_RegisterAccount - ***Starting Tc_001_RegisterAccount***
16:15:50.954 [main] INFO  testCases.Tc_001_RegisterAccount - clicked on my account
16:15:51.431 [main] INFO  testCases.Tc_001_RegisterAccount - clicked on Register
16:17:15.176 [main] INFO  testCases.Tc_001_RegisterAccount - ***Starting Tc_001_RegisterAccount***
16:17:15.276 [main] INFO  testCases.Tc_001_RegisterAccount - clicked on my account
16:17:15.684 [main] INFO  testCases.Tc_001_RegisterAccount - clicked on Register
16:17:18.723 [main] INFO  testCases.Tc_001_RegisterAccount - validating expected mssg
16:17:18.727 [main] INFO  testCases.Tc_001_RegisterAccount - ***Finished Tc_001_RegisterAccount***
16:17:23.238 [main] INFO  testCases.TC_002_Login - ******Starting TC_002_Login ******
16:17:24.214 [main] INFO  testCases.TC_002_Login - Finished TC_002_Login
11:03:34.824 [main] INFO  testCases.Tc_001_RegisterAccount - ***Starting Tc_001_RegisterAccount***
11:03:34.901 [main] INFO  testCases.Tc_001_RegisterAccount - clicked on my account
11:03:35.308 [main] INFO  testCases.Tc_001_RegisterAccount - clicked on Register
11:03:38.750 [main] INFO  testCases.Tc_001_RegisterAccount - validating expected mssg
11:03:38.754 [main] INFO  testCases.Tc_001_RegisterAccount - ***Finished Tc_001_RegisterAccount***
11:03:43.365 [main] INFO  testCases.TC_002_Login - ******Starting TC_002_Login ******
11:03:44.811 [main] INFO  testCases.TC_002_Login - Finished TC_002_Login
11:29:49.174 [main] INFO  testCases.Tc_001_RegisterAccount - ***Starting Tc_001_RegisterAccount***
11:29:49.326 [main] INFO  testCases.Tc_001_RegisterAccount - clicked on my account
11:29:50.149 [main] INFO  testCases.Tc_001_RegisterAccount - clicked on Register
11:29:53.803 [main] INFO  testCases.Tc_001_RegisterAccount - validating expected mssg
11:29:53.808 [main] INFO  testCases.Tc_001_RegisterAccount - ***Finished Tc_001_RegisterAccount***
11:30:01.631 [main] INFO  testCases.TC_002_Login - ******Starting TC_002_Login ******
11:30:03.183 [main] INFO  testCases.TC_002_Login - Finished TC_002_Login
11:36:10.014 [main] INFO  testCases.Tc_001_RegisterAccount - ***Starting Tc_001_RegisterAccount***
11:36:10.136 [main] INFO  testCases.Tc_001_RegisterAccount - clicked on my account
11:36:10.735 [main] INFO  testCases.Tc_001_RegisterAccount - clicked on Register
11:36:13.677 [main] INFO  testCases.Tc_001_RegisterAccount - validating expected mssg
11:36:13.677 [main] INFO  testCases.Tc_001_RegisterAccount - ***Finished Tc_001_RegisterAccount***
11:36:17.625 [main] INFO  testCases.TC_002_Login - ******Starting TC_002_Login ******
11:36:18.665 [main] INFO  testCases.TC_002_Login - Finished TC_002_Login
22:11:59.737 [main] INFO  testCases.TC_002_Login - ******Starting TC_002_Login ******
